#-----------------------------------------------------------
# Webtalk v2017.2 (64-bit)
# SW Build 1909853 on Thu Jun 15 18:39:10 MDT 2017
# 
# Start of session at: Sun Feb 25 21:59:03 2018
# Process ID: 23748
# Current directory: /nfs/ug/homes-1/t/tramblei/ECE532/project_data_mover/project_data_mover.sdk/webtalk
# Command line: wbtcv -mode batch -source sdk_webtalk.tcl
# Log file: /nfs/ug/homes-1/t/tramblei/ECE532/project_data_mover/project_data_mover.sdk/webtalk/webtalk.log
# Journal file: /nfs/ug/homes-1/t/tramblei/ECE532/project_data_mover/project_data_mover.sdk/webtalk/webtalk.jou
#-----------------------------------------------------------
source sdk_webtalk.tcl
# webtalk_init -webtalk_dir /nfs/ug/homes-1/t/tramblei/ECE532/project_data_mover/project_data_mover.sdk/webtalk
# webtalk_register_client -client project
# webtalk_add_data -client project -key date_generated -value "2018-02-25 21:59:03" -context "software_version_and_target_device"
# webtalk_add_data -client project -key product_version -value "SDK v2017.2" -context "software_version_and_target_device"
# webtalk_add_data -client project -key build_version -value "2017.2" -context "software_version_and_target_device"
# webtalk_add_data -client project -key os_platform -value "amd64" -context "software_version_and_target_device"
# webtalk_add_data -client project -key registration_id -value "" -context "software_version_and_target_device"
# webtalk_add_data -client project -key tool_flow -value "SDK" -context "software_version_and_target_device"
# webtalk_add_data -client project -key beta -value "false" -context "software_version_and_target_device"
# webtalk_add_data -client project -key route_design -value "NA" -context "software_version_and_target_device"
# webtalk_add_data -client project -key target_family -value "NA" -context "software_version_and_target_device"
# webtalk_add_data -client project -key target_device -value "NA" -context "software_version_and_target_device"
# webtalk_add_data -client project -key target_package -value "NA" -context "software_version_and_target_device"
# webtalk_add_data -client project -key target_speed -value "NA" -context "software_version_and_target_device"
# webtalk_add_data -client project -key random_id -value "ncnei3fd4arb03vaf06747phb2" -context "software_version_and_target_device"
# webtalk_add_data -client project -key project_id -value "2017.2_7" -context "software_version_and_target_device"
# webtalk_add_data -client project -key project_iteration -value "7" -context "software_version_and_target_device"
# webtalk_add_data -client project -key os_name -value "Debian" -context "user_environment"
# webtalk_add_data -client project -key os_release -value "Debian GNU/Linux 9.3 (stretch)" -context "user_environment"
# webtalk_add_data -client project -key cpu_name -value "Intel(R) Core(TM) i7-4790 CPU @ 3.60GHz" -context "user_environment"
# webtalk_add_data -client project -key cpu_speed -value "3912.670 MHz" -context "user_environment"
# webtalk_add_data -client project -key total_processors -value "1" -context "user_environment"
# webtalk_add_data -client project -key system_ram -value "16.000 GB" -context "user_environment"
# webtalk_register_client -client sdk
# webtalk_add_data -client sdk -key uid -value "1519613045000" -context "sdk\\\\bsp/1519613045000"
# webtalk_add_data -client sdk -key hwid -value "1519610485000" -context "sdk\\\\bsp/1519613045000"
# webtalk_add_data -client sdk -key os -value "standalone" -context "sdk\\\\bsp/1519613045000"
# webtalk_add_data -client sdk -key apptemplate -value "null" -context "sdk\\\\bsp/1519613045000"
# webtalk_add_data -client sdk -key RecordType -value "BSPCreation" -context "sdk\\\\bsp/1519613045000"
# webtalk_add_data -client sdk -key uid -value "NA" -context "sdk\\\\bsp/1519613942912"
# webtalk_add_data -client sdk -key RecordType -value "ToolUsage" -context "sdk\\\\bsp/1519613942912"
# webtalk_add_data -client sdk -key BootgenCount -value "0" -context "sdk\\\\bsp/1519613942912"
# webtalk_add_data -client sdk -key DebugCount -value "0" -context "sdk\\\\bsp/1519613942912"
# webtalk_add_data -client sdk -key PerfCount -value "0" -context "sdk\\\\bsp/1519613942912"
# webtalk_add_data -client sdk -key FlashCount -value "0" -context "sdk\\\\bsp/1519613942912"
# webtalk_add_data -client sdk -key CrossTriggCount -value "0" -context "sdk\\\\bsp/1519613942912"
# webtalk_add_data -client sdk -key QemuDebugCount -value "0" -context "sdk\\\\bsp/1519613942912"
# webtalk_transmit -clientid 2427084634 -regid "" -xml /nfs/ug/homes-1/t/tramblei/ECE532/project_data_mover/project_data_mover.sdk/webtalk/usage_statistics_ext_sdk.xml -html /nfs/ug/homes-1/t/tramblei/ECE532/project_data_mover/project_data_mover.sdk/webtalk/usage_statistics_ext_sdk.html -wdm /nfs/ug/homes-1/t/tramblei/ECE532/project_data_mover/project_data_mover.sdk/webtalk/sdk_webtalk.wdm -intro "<H3>SDK Usage Report</H3><BR>"
# webtalk_terminate
INFO: [Common 17-206] Exiting Webtalk at Sun Feb 25 21:59:03 2018...
