18:02:15 INFO  : Registering command handlers for SDK TCF services
18:02:30 INFO  : Launching XSCT server: xsct -n -interactive /home/rohan/project_data_mover/project_data_mover.sdk/temp_xsdb_launch_script.tcl
18:02:37 INFO  : XSCT server has started successfully.
18:03:10 INFO  : Successfully done setting XSCT server connection channel  
18:03:10 INFO  : Successfully done setting SDK workspace  
18:03:10 INFO  : Processing command line option -hwspec /home/rohan/project_data_mover/project_data_mover.sdk/dma_wrapper.hdf.
18:28:05 INFO  : Connected to target on host '127.0.0.1' and port '3121'.
18:28:36 INFO  : Connected to target on host '127.0.0.1' and port '3121'.
18:28:36 INFO  : 'targets -set -filter {jtag_cable_name =~ "Digilent Nexys4DDR 210292646034A" && level==0} -index 0' command is executed.
18:28:40 INFO  : FPGA configured successfully with bitstream "/home/rohan/project_data_mover/project_data_mover.sdk/dma_wrapper_hw_platform_0/download.bit"
18:34:11 INFO  : Connected to target on host '127.0.0.1' and port '3121'.
18:34:11 INFO  : 'targets -set -filter {jtag_cable_name =~ "Digilent Nexys4DDR 210292646034A" && level==0} -index 0' command is executed.
18:34:17 INFO  : FPGA configured successfully with bitstream "/home/rohan/project_data_mover/project_data_mover.sdk/dma_wrapper_hw_platform_0/download.bit"
18:35:16 ERROR : Unexpected error while parsing XMD response ￿: com.google.gson.JsonSyntaxException: com.google.gson.stream.MalformedJsonException: invalid number or unquoted string near 
18:35:43 INFO  : Registering command handlers for SDK TCF services
18:35:44 INFO  : Launching XSCT server: xsct -n -interactive /home/rohan/project_data_mover/project_data_mover.sdk/temp_xsdb_launch_script.tcl
18:35:46 INFO  : XSCT server has started successfully.
18:35:46 INFO  : Successfully done setting XSCT server connection channel  
18:35:49 INFO  : Successfully done setting SDK workspace  
18:35:49 INFO  : Processing command line option -hwspec /home/rohan/project_data_mover/project_data_mover.sdk/dma_wrapper.hdf.
18:35:50 INFO  : Checking for hwspec changes in the project dma_wrapper_hw_platform_0.
18:42:26 INFO  : Connected to target on host '127.0.0.1' and port '3121'.
18:42:27 INFO  : 'targets -set -filter {jtag_cable_name =~ "Digilent Nexys4DDR 210292646034A" && level==0} -index 0' command is executed.
18:42:29 INFO  : FPGA configured successfully with bitstream "/home/rohan/project_data_mover/project_data_mover.sdk/dma_wrapper_hw_platform_0/download.bit"
18:43:12 INFO  : Processor reset is completed for microblaze_0
18:43:44 INFO  : Processor reset is completed for microblaze_0
18:44:58 INFO  : Inferring section assignments and sizes from elf file: /home/rohan/project_data_mover/project_data_mover.sdk/dma_test/Debug/dma_test.elf
18:45:19 INFO  : Successfully generated /home/rohan/project_data_mover/project_data_mover.sdk/dma_test/src/lscript.ld.
18:45:19 INFO  : Applying linker script to all configurations of project dma_test.
18:45:19 INFO  : Setting rebuild state to true for all configurations of project dma_test.
19:04:35 INFO  : Processor reset is completed for microblaze_0
19:04:45 INFO  : Processor reset is completed for microblaze_0
19:08:18 ERROR : Unexpected error while launching program.
java.lang.RuntimeException: The program file specified in the launch configuration does not exist
	at com.xilinx.sdk.debug.core.XilinxAppLaunchConfigurationDelegate.runApplication(XilinxAppLaunchConfigurationDelegate.java:580)
	at com.xilinx.sdk.debug.core.XilinxAppLaunchConfigurationDelegate.launch(XilinxAppLaunchConfigurationDelegate.java:309)
	at com.xilinx.sdk.debug.ui.XilinxAppLaunchDelegateWrapper.launch(XilinxAppLaunchDelegateWrapper.java:31)
	at org.eclipse.debug.internal.core.LaunchConfiguration.launch(LaunchConfiguration.java:885)
	at org.eclipse.debug.internal.core.LaunchConfiguration.launch(LaunchConfiguration.java:739)
	at org.eclipse.debug.internal.ui.DebugUIPlugin.buildAndLaunch(DebugUIPlugin.java:1039)
	at org.eclipse.debug.internal.ui.DebugUIPlugin$8.run(DebugUIPlugin.java:1256)
	at org.eclipse.core.internal.jobs.Worker.run(Worker.java:55)
19:09:21 INFO  : Successfully generated /home/rohan/project_data_mover/project_data_mover.sdk/dma_test/src/lscript.ld.
19:09:21 INFO  : Applying linker script to all configurations of project dma_test.
19:09:21 INFO  : Setting rebuild state to true for all configurations of project dma_test.
19:09:32 INFO  : Processor reset is completed for microblaze_0
19:32:48 INFO  : Inferring section assignments and sizes from elf file: /home/rohan/project_data_mover/project_data_mover.sdk/dma_test/Debug/dma_test.elf
19:44:04 ERROR : Unexpected error while launching program.
java.lang.RuntimeException: The program file specified in the launch configuration does not exist
	at com.xilinx.sdk.debug.core.XilinxAppLaunchConfigurationDelegate.runApplication(XilinxAppLaunchConfigurationDelegate.java:580)
	at com.xilinx.sdk.debug.core.XilinxAppLaunchConfigurationDelegate.launch(XilinxAppLaunchConfigurationDelegate.java:309)
	at com.xilinx.sdk.debug.ui.XilinxAppLaunchDelegateWrapper.launch(XilinxAppLaunchDelegateWrapper.java:31)
	at org.eclipse.debug.internal.core.LaunchConfiguration.launch(LaunchConfiguration.java:885)
	at org.eclipse.debug.internal.core.LaunchConfiguration.launch(LaunchConfiguration.java:739)
	at org.eclipse.debug.internal.ui.DebugUIPlugin.buildAndLaunch(DebugUIPlugin.java:1039)
	at org.eclipse.debug.internal.ui.DebugUIPlugin$8.run(DebugUIPlugin.java:1256)
	at org.eclipse.core.internal.jobs.Worker.run(Worker.java:55)
19:44:38 INFO  : Successfully generated /home/rohan/project_data_mover/project_data_mover.sdk/dma_test/src/lscript.ld.
19:44:38 INFO  : Applying linker script to all configurations of project dma_test.
19:44:38 INFO  : Setting rebuild state to true for all configurations of project dma_test.
19:44:48 INFO  : Processor reset is completed for microblaze_0
19:46:14 INFO  : Processor reset is completed for microblaze_0
19:49:21 INFO  : Processor reset is completed for microblaze_0
19:56:45 INFO  : Processor reset is completed for microblaze_0
19:57:34 INFO  : Processor reset is completed for microblaze_0
19:58:34 INFO  : Connected to target on host '127.0.0.1' and port '3121'.
19:58:34 INFO  : 'targets -set -filter {jtag_cable_name =~ "Digilent Nexys4DDR 210292646034A" && level==0} -index 0' command is executed.
19:58:36 INFO  : FPGA configured successfully with bitstream "/home/rohan/project_data_mover/project_data_mover.sdk/dma_wrapper_hw_platform_0/download.bit"
19:58:45 INFO  : Processor reset is completed for microblaze_0
19:59:40 INFO  : Processor reset is completed for microblaze_0
20:00:15 INFO  : Processor reset is completed for microblaze_0
20:30:30 INFO  : Processor reset is completed for microblaze_0
20:31:17 INFO  : Processor reset is completed for microblaze_0
20:32:01 INFO  : Processor reset is completed for microblaze_0
20:35:09 INFO  : Processor reset is completed for microblaze_0
20:35:35 INFO  : Processor reset is completed for microblaze_0
20:39:17 INFO  : Processor reset is completed for microblaze_0
20:44:08 INFO  : Processor reset is completed for microblaze_0
20:46:09 INFO  : Processor reset is completed for microblaze_0
21:01:03 INFO  : Registering command handlers for SDK TCF services
21:01:03 INFO  : Launching XSCT server: xsct -n -interactive /nfs/ug/homes-1/t/tramblei/ECE532/project_data_mover/project_data_mover.sdk/temp_xsdb_launch_script.tcl
21:01:06 INFO  : XSCT server has started successfully.
21:01:17 INFO  : Processing command line option -hwspec /nfs/ug/homes-1/t/tramblei/ECE532/project_data_mover/project_data_mover.sdk/dma_wrapper.hdf.
21:01:17 INFO  : Successfully done setting XSCT server connection channel  
21:01:17 INFO  : Successfully done setting SDK workspace  
21:03:28 INFO  : SDK has detected change in the last modified timestamps for source hardware specification file Source:1519610104000,  Project:1519167433000
21:03:28 INFO  : Project dma_wrapper_hw_platform_1's source hardware specification located at /nfs/ug/homes-1/t/tramblei/ECE532/project_data_mover/project_data_mover.sdk/dma_wrapper.hdf is now different from the local copy.
		 The local copy will be replaced with the source specification and your workspace will be updated.
21:03:44 INFO  : Copied contents of /nfs/ug/homes-1/t/tramblei/ECE532/project_data_mover/project_data_mover.sdk/dma_wrapper.hdf into /dma_wrapper_hw_platform_1/system.hdf.
21:03:44 INFO  : Synchronizing projects in the workspace with the hardware platform specification changes.
21:03:45 INFO  : Clearing existing target manager status.
21:03:49 INFO  : Workspace synchronized with the new hardware specification file. Cleaning dependent projects...
21:03:49 WARN  : Linker script will not be updated automatically. Users need to update it manually.
21:03:55 ERROR : Unexpected error while parsing XMD response ?: com.google.gson.JsonSyntaxException: com.google.gson.stream.MalformedJsonException: invalid number or unquoted string near 
21:04:05 INFO  : Launching XSCT server: xsct -n -interactive /nfs/ug/homes-1/t/tramblei/ECE532/project_data_mover/project_data_mover.sdk/temp_xsdb_launch_script.tcl
21:04:06 INFO  : XSCT server has started successfully.
21:04:07 INFO  : Successfully done setting XSCT server connection channel  
21:04:07 INFO  : Successfully done setting SDK workspace  
21:04:08 INFO  : Registering command handlers for SDK TCF services
21:04:18 INFO  : Processing command line option -hwspec /nfs/ug/homes-1/t/tramblei/ECE532/project_data_mover/project_data_mover.sdk/dma_wrapper.hdf.
21:04:18 INFO  : Checking for hwspec changes in the project dma_wrapper_hw_platform_1.
21:40:29 INFO  : No changes in MSS file content so not generating sources.
21:55:21 INFO  : Connected to target on host '127.0.0.1' and port '3121'.
21:55:38 INFO  : Connected to target on host '127.0.0.1' and port '3121'.
21:55:38 INFO  : 'targets -set -filter {jtag_cable_name =~ "Digilent Nexys4DDR 210292646178A" && level==0} -index 0' command is executed.
21:55:41 INFO  : FPGA configured successfully with bitstream "/nfs/ug/homes-1/t/tramblei/ECE532/project_data_mover/project_data_mover.sdk/dma_wrapper_hw_platform_0/download.bit"
21:56:03 INFO  : Connected to target on host '127.0.0.1' and port '3121'.
21:56:03 INFO  : 'targets -set -filter {jtag_cable_name =~ "Digilent Nexys4DDR 210292646178A" && level==0} -index 0' command is executed.
21:56:05 INFO  : FPGA configured successfully with bitstream "/nfs/ug/homes-1/t/tramblei/ECE532/project_data_mover/project_data_mover.sdk/dma_wrapper_hw_platform_1/download.bit"
21:57:15 INFO  : Processor reset is completed for microblaze_0
21:58:13 INFO  : Processor reset is completed for microblaze_0
21:58:13 ERROR : Unexpected error while launching program.
java.lang.RuntimeException: Cannot perform the Debug Command, Current Processor State is "Running"

	at com.xilinx.sdk.targetmanager.internal.TM.downloadELF(TM.java:686)
	at com.xilinx.sdk.debug.core.internal.AppRunner.run(AppRunner.java:129)
	at com.xilinx.sdk.debug.core.XilinxAppLaunchConfigurationDelegate.runApplication(XilinxAppLaunchConfigurationDelegate.java:637)
	at com.xilinx.sdk.debug.core.XilinxAppLaunchConfigurationDelegate.launch(XilinxAppLaunchConfigurationDelegate.java:309)
	at com.xilinx.sdk.debug.ui.XilinxAppLaunchDelegateWrapper.launch(XilinxAppLaunchDelegateWrapper.java:31)
	at org.eclipse.debug.internal.core.LaunchConfiguration.launch(LaunchConfiguration.java:885)
	at org.eclipse.debug.internal.core.LaunchConfiguration.launch(LaunchConfiguration.java:739)
	at org.eclipse.debug.internal.ui.DebugUIPlugin.buildAndLaunch(DebugUIPlugin.java:1039)
	at org.eclipse.debug.internal.ui.DebugUIPlugin$8.run(DebugUIPlugin.java:1256)
	at org.eclipse.core.internal.jobs.Worker.run(Worker.java:55)
21:59:06 ERROR : Unexpected error while parsing XMD response ?: com.google.gson.JsonSyntaxException: com.google.gson.stream.MalformedJsonException: invalid number or unquoted string near 
21:59:22 INFO  : Registering command handlers for SDK TCF services
21:59:22 INFO  : Launching XSCT server: xsct -n -interactive /nfs/ug/homes-1/t/tramblei/ECE532/project_data_mover/project_data_mover.sdk/temp_xsdb_launch_script.tcl
21:59:23 INFO  : XSCT server has started successfully.
21:59:24 INFO  : Successfully done setting XSCT server connection channel  
21:59:34 INFO  : Processing command line option -hwspec /nfs/ug/homes-1/t/tramblei/ECE532/project_data_mover/project_data_mover.sdk/dma_wrapper.hdf.
21:59:34 INFO  : Checking for hwspec changes in the project dma_wrapper_hw_platform_1.
21:59:34 INFO  : Successfully done setting SDK workspace  
21:59:36 INFO  : Processor reset is completed for microblaze_0
21:59:57 INFO  : Processor reset is completed for microblaze_0
22:02:09 INFO  : microblaze_0 Processor is in use. Please stop existing Run or Debug sessions before launching.
22:02:11 INFO  : Processor reset is completed for microblaze_0
22:06:44 INFO  : microblaze_0 Processor is in use. Please stop existing Run or Debug sessions before launching.
22:06:45 INFO  : Processor reset is completed for microblaze_0
22:11:03 INFO  : microblaze_0 Processor is in use. Please stop existing Run or Debug sessions before launching.
22:11:04 INFO  : Processor reset is completed for microblaze_0
22:11:22 INFO  : microblaze_0 Processor is in use. Please stop existing Run or Debug sessions before launching.
22:11:24 INFO  : Processor reset is completed for microblaze_0
22:12:07 INFO  : microblaze_0 Processor is in use. Please stop existing Run or Debug sessions before launching.
22:12:08 INFO  : Processor reset is completed for microblaze_0
22:12:28 INFO  : microblaze_0 Processor is in use. Please stop existing Run or Debug sessions before launching.
22:12:29 INFO  : Processor reset is completed for microblaze_0
22:13:51 INFO  : microblaze_0 Processor is in use. Please stop existing Run or Debug sessions before launching.
22:13:52 INFO  : Processor reset is completed for microblaze_0
22:14:12 INFO  : microblaze_0 Processor is in use. Please stop existing Run or Debug sessions before launching.
22:14:13 INFO  : Processor reset is completed for microblaze_0
22:14:20 INFO  : microblaze_0 Processor is in use. Please stop existing Run or Debug sessions before launching.
22:14:21 INFO  : Processor reset is completed for microblaze_0
22:14:26 INFO  : microblaze_0 Processor is in use. Please stop existing Run or Debug sessions before launching.
22:14:28 INFO  : Processor reset is completed for microblaze_0
22:30:02 INFO  : microblaze_0 Processor is in use. Please stop existing Run or Debug sessions before launching.
22:30:04 INFO  : Processor reset is completed for microblaze_0
22:30:34 INFO  : microblaze_0 Processor is in use. Please stop existing Run or Debug sessions before launching.
22:30:35 INFO  : Processor reset is completed for microblaze_0
22:31:16 INFO  : microblaze_0 Processor is in use. Please stop existing Run or Debug sessions before launching.
22:31:17 INFO  : Processor reset is completed for microblaze_0
22:36:15 INFO  : microblaze_0 Processor is in use. Please stop existing Run or Debug sessions before launching.
22:36:16 INFO  : Processor reset is completed for microblaze_0
23:00:09 INFO  : microblaze_0 Processor is in use. Please stop existing Run or Debug sessions before launching.
23:00:12 INFO  : Processor reset is completed for microblaze_0
23:00:30 INFO  : microblaze_0 Processor is in use. Please stop existing Run or Debug sessions before launching.
23:00:31 INFO  : Processor reset is completed for microblaze_0
23:03:05 INFO  : microblaze_0 Processor is in use. Please stop existing Run or Debug sessions before launching.
23:03:06 INFO  : Processor reset is completed for microblaze_0
23:05:57 INFO  : microblaze_0 Processor is in use. Please stop existing Run or Debug sessions before launching.
23:05:59 INFO  : Processor reset is completed for microblaze_0
23:13:02 INFO  : microblaze_0 Processor is in use. Please stop existing Run or Debug sessions before launching.
23:13:04 INFO  : Processor reset is completed for microblaze_0
23:13:12 INFO  : microblaze_0 Processor is in use. Please stop existing Run or Debug sessions before launching.
23:13:13 INFO  : Processor reset is completed for microblaze_0
23:15:11 INFO  : microblaze_0 Processor is in use. Please stop existing Run or Debug sessions before launching.
23:15:22 INFO  : Processor reset is completed for microblaze_0
23:16:51 INFO  : Processor reset is completed for microblaze_0
23:17:28 INFO  : Processor reset is completed for microblaze_0
23:23:04 INFO  : Processor reset is completed for microblaze_0
23:24:10 INFO  : Processor reset is completed for microblaze_0
23:25:00 INFO  : Processor reset is completed for microblaze_0
23:27:48 INFO  : Processor reset is completed for microblaze_0
23:28:14 INFO  : Processor reset is completed for microblaze_0
23:28:21 INFO  : Processor reset is completed for microblaze_0
23:28:42 INFO  : Processor reset is completed for microblaze_0
23:29:53 INFO  : Processor reset is completed for microblaze_0
23:30:06 INFO  : Processor reset is completed for microblaze_0
23:33:14 INFO  : Processor reset is completed for microblaze_0
23:36:04 INFO  : Processor reset is completed for microblaze_0
23:36:57 ERROR : Unexpected error while parsing XMD response ?: com.google.gson.JsonSyntaxException: com.google.gson.stream.MalformedJsonException: invalid number or unquoted string near 
18:12:42 INFO  : Registering command handlers for SDK TCF services
18:12:42 INFO  : Launching XSCT server: xsct -n -interactive /nfs/ug/homes-1/t/tramblei/ECE532/project_data_mover/project_data_mover.sdk/temp_xsdb_launch_script.tcl
18:12:45 INFO  : XSCT server has started successfully.
18:12:46 INFO  : Successfully done setting XSCT server connection channel  
18:13:14 INFO  : Successfully done setting SDK workspace  
18:13:14 INFO  : Processing command line option -hwspec /nfs/ug/homes-1/t/tramblei/ECE532/project_data_mover/project_data_mover.sdk/dma_wrapper.hdf.
18:13:14 INFO  : Checking for hwspec changes in the project dma_wrapper_hw_platform_1.
18:13:14 INFO  : SDK has detected change in the last modified timestamps for source hardware specification file Source:1519617495000,  Project:1519610104000
18:13:14 INFO  : The hardware specification for project 'dma_wrapper_hw_platform_1' is different from /nfs/ug/homes-1/t/tramblei/ECE532/project_data_mover/project_data_mover.sdk/dma_wrapper.hdf.
18:13:14 INFO  : Copied contents of /nfs/ug/homes-1/t/tramblei/ECE532/project_data_mover/project_data_mover.sdk/dma_wrapper.hdf into /dma_wrapper_hw_platform_1/system.hdf.
18:13:16 INFO  : Synchronizing projects in the workspace with the hardware platform specification changes.
18:13:31 INFO  : 
18:13:32 INFO  : Updating hardware inferred compiler options for dma_test.
18:13:32 INFO  : Clearing existing target manager status.
18:14:54 INFO  : Connected to target on host '127.0.0.1' and port '3121'.
18:15:09 INFO  : Connected to target on host '127.0.0.1' and port '3121'.
18:15:09 INFO  : 'targets -set -filter {jtag_cable_name =~ "Digilent Nexys4DDR 210292646178A" && level==0} -index 0' command is executed.
18:15:11 INFO  : FPGA configured successfully with bitstream "/nfs/ug/homes-1/t/tramblei/ECE532/project_data_mover/project_data_mover.sdk/dma_wrapper_hw_platform_1/download.bit"
18:16:19 INFO  : Processor reset is completed for microblaze_0
18:16:43 INFO  : microblaze_0 Processor is in use. Please stop existing Run or Debug sessions before launching.
18:16:44 INFO  : Processor reset is completed for microblaze_0
18:17:04 INFO  : microblaze_0 Processor is in use. Please stop existing Run or Debug sessions before launching.
18:17:07 INFO  : Processor reset is completed for microblaze_0
18:18:19 INFO  : microblaze_0 Processor is in use. Please stop existing Run or Debug sessions before launching.
18:18:20 INFO  : Processor reset is completed for microblaze_0
18:19:29 INFO  : microblaze_0 Processor is in use. Please stop existing Run or Debug sessions before launching.
18:19:30 INFO  : Processor reset is completed for microblaze_0
18:24:40 INFO  : microblaze_0 Processor is in use. Please stop existing Run or Debug sessions before launching.
18:24:42 INFO  : Processor reset is completed for microblaze_0
18:27:00 ERROR : Unexpected error while parsing XMD response ?: com.google.gson.JsonSyntaxException: com.google.gson.stream.MalformedJsonException: invalid number or unquoted string near 
18:27:17 INFO  : Launching XSCT server: xsct -n -interactive /nfs/ug/homes-1/t/tramblei/ECE532/project_data_mover/project_data_mover.sdk/temp_xsdb_launch_script.tcl
18:27:18 INFO  : XSCT server has started successfully.
18:27:19 INFO  : Successfully done setting XSCT server connection channel  
18:27:19 INFO  : Successfully done setting SDK workspace  
18:27:20 INFO  : Registering command handlers for SDK TCF services
18:27:28 INFO  : Processing command line option -hwspec /nfs/ug/homes-1/t/tramblei/ECE532/project_data_mover/project_data_mover.sdk/dma_wrapper.hdf.
18:27:28 INFO  : Checking for hwspec changes in the project dma_wrapper_hw_platform_1.
18:28:52 INFO  : Connected to target on host '127.0.0.1' and port '3121'.
18:28:52 INFO  : 'targets -set -filter {jtag_cable_name =~ "Digilent Nexys4DDR 210292646178A" && level==0} -index 0' command is executed.
18:28:55 INFO  : FPGA configured successfully with bitstream "/nfs/ug/homes-1/t/tramblei/ECE532/project_data_mover/project_data_mover.sdk/dma_wrapper_hw_platform_1/download.bit"
18:29:03 INFO  : Processor reset is completed for microblaze_0
18:29:27 INFO  : microblaze_0 Processor is in use. Please stop existing Run or Debug sessions before launching.
18:29:28 INFO  : Processor reset is completed for microblaze_0
18:30:00 INFO  : microblaze_0 Processor is in use. Please stop existing Run or Debug sessions before launching.
18:30:01 INFO  : Processor reset is completed for microblaze_0
18:31:28 INFO  : microblaze_0 Processor is in use. Please stop existing Run or Debug sessions before launching.
18:31:30 INFO  : Processor reset is completed for microblaze_0
18:33:21 INFO  : Processor reset is completed for microblaze_0
18:34:37 INFO  : Processor reset is completed for microblaze_0
18:38:57 ERROR : Unexpected error while parsing XMD response ?: com.google.gson.JsonSyntaxException: com.google.gson.stream.MalformedJsonException: invalid number or unquoted string near 
20:07:55 INFO  : Registering command handlers for SDK TCF services
20:07:55 INFO  : Launching XSCT server: xsct -n -interactive /nfs/ug/homes-1/t/tramblei/ECE532/project_data_mover/project_data_mover.sdk/temp_xsdb_launch_script.tcl
20:07:56 INFO  : XSCT server has started successfully.
20:08:00 INFO  : Processing command line option -hwspec /nfs/ug/homes-1/t/tramblei/ECE532/project_data_mover/project_data_mover.sdk/dma_wrapper.hdf.
20:08:00 INFO  : Successfully done setting XSCT server connection channel  
20:08:00 INFO  : Checking for hwspec changes in the project dma_wrapper_hw_platform_1.
20:08:00 INFO  : Successfully done setting SDK workspace  
20:10:43 ERROR : Unexpected error while launching program.
com.xilinx.sdk.targetmanager.TMException: Could not detect MDM peripheral on hardware. Please check:
    1. If FPGA is configured correctly
    2. MDM Core is instantiated in the design
    3. If the correct FPGA is referred, in case of multiple FPGAs
    4. If the correct MDM is referred, in case of a multiple MDM system
    

	at com.xilinx.sdk.targetmanager.internal.TM.connectToProcessor(TM.java:484)
	at com.xilinx.sdk.debug.core.XilinxAppLaunchConfigurationDelegate.runTargetSetup(XilinxAppLaunchConfigurationDelegate.java:451)
	at com.xilinx.sdk.debug.core.XilinxAppLaunchConfigurationDelegate.runApplication(XilinxAppLaunchConfigurationDelegate.java:616)
	at com.xilinx.sdk.debug.core.XilinxAppLaunchConfigurationDelegate.launch(XilinxAppLaunchConfigurationDelegate.java:309)
	at com.xilinx.sdk.debug.ui.XilinxAppLaunchDelegateWrapper.launch(XilinxAppLaunchDelegateWrapper.java:31)
	at org.eclipse.debug.internal.core.LaunchConfiguration.launch(LaunchConfiguration.java:885)
	at org.eclipse.debug.internal.core.LaunchConfiguration.launch(LaunchConfiguration.java:739)
	at org.eclipse.debug.internal.ui.DebugUIPlugin.buildAndLaunch(DebugUIPlugin.java:1039)
	at org.eclipse.debug.internal.ui.DebugUIPlugin$8.run(DebugUIPlugin.java:1256)
	at org.eclipse.core.internal.jobs.Worker.run(Worker.java:55)
20:11:01 INFO  : Connected to target on host '127.0.0.1' and port '3121'.
20:11:02 INFO  : 'targets -set -filter {jtag_cable_name =~ "Digilent Nexys4DDR 210292646178A" && level==0} -index 0' command is executed.
20:11:04 INFO  : FPGA configured successfully with bitstream "/nfs/ug/homes-1/t/tramblei/ECE532/project_data_mover/project_data_mover.sdk/dma_wrapper_hw_platform_1/download.bit"
20:11:10 INFO  : Processor reset is completed for microblaze_0
20:11:34 INFO  : Processor reset is completed for microblaze_0
20:19:03 INFO  : Processor reset is completed for microblaze_0
20:19:14 INFO  : Processor reset is completed for microblaze_0
20:19:58 INFO  : Processor reset is completed for microblaze_0
20:21:01 INFO  : Processor reset is completed for microblaze_0
20:21:25 INFO  : Processor reset is completed for microblaze_0
20:22:35 INFO  : Processor reset is completed for microblaze_0
20:23:21 INFO  : Processor reset is completed for microblaze_0
20:24:08 INFO  : Processor reset is completed for microblaze_0
20:25:20 INFO  : Processor reset is completed for microblaze_0
20:25:28 INFO  : Processor reset is completed for microblaze_0
20:25:37 INFO  : Processor reset is completed for microblaze_0
20:25:58 INFO  : Processor reset is completed for microblaze_0
20:26:16 INFO  : Processor reset is completed for microblaze_0
20:27:04 INFO  : Processor reset is completed for microblaze_0
20:27:47 INFO  : Processor reset is completed for microblaze_0
20:28:10 INFO  : Processor reset is completed for microblaze_0
20:28:58 INFO  : Processor reset is completed for microblaze_0
20:29:42 INFO  : Processor reset is completed for microblaze_0
20:31:38 ERROR : Unexpected error while parsing XMD response ?: com.google.gson.JsonSyntaxException: com.google.gson.stream.MalformedJsonException: invalid number or unquoted string near 
20:38:25 INFO  : Registering command handlers for SDK TCF services
20:38:26 INFO  : Launching XSCT server: xsct -n -interactive /nfs/ug/homes-1/t/tramblei/tut-test/project_data_mover.sdk/temp_xsdb_launch_script.tcl
20:38:27 INFO  : XSCT server has started successfully.
20:38:34 INFO  : Processing command line option -hwspec /nfs/ug/homes-1/t/tramblei/tut-test/project_data_mover.sdk/dma_wrapper.hdf.
20:38:34 INFO  : Successfully done setting XSCT server connection channel  
20:38:34 INFO  : Successfully done setting SDK workspace  
20:38:36 ERROR : Error occurred while creating hardware platform dma_wrapper_hw_platform_0 from sysdef
org.eclipse.core.internal.resources.ResourceException: Resource '/dma_wrapper_hw_platform_0/system.hdf' already exists.
	at org.eclipse.core.internal.resources.Resource.checkDoesNotExist(Resource.java:314)
	at org.eclipse.core.internal.resources.Resource.checkDoesNotExist(Resource.java:301)
	at org.eclipse.core.internal.resources.File.create(File.java:107)
	at com.xilinx.sdk.hw.internal.HwProjectCreator.createHwProjectFromZip(HwProjectCreator.java:103)
	at com.xilinx.sdk.hw.HwProjectUtil.internalCreate(HwProjectUtil.java:266)
	at com.xilinx.sdk.hw.HwProjectUtil.makeNewHardwareProject(HwProjectUtil.java:210)
	at com.xilinx.sdk.hw.HwProjectUtil.makeNewHardwareProject(HwProjectUtil.java:197)
	at com.xilinx.sdk.hw.HwProjectUtil.makeNewHardwareProject(HwProjectUtil.java:171)
	at com.xilinx.sdk.startup.InitSDK.processHwSpecArgumentTask(InitSDK.java:516)
	at com.xilinx.sdk.startup.InitSDK.access$8(InitSDK.java:498)
	at com.xilinx.sdk.startup.InitSDK$12.run(InitSDK.java:449)
	at org.eclipse.core.internal.jobs.Worker.run(Worker.java:55)
20:38:36 ERROR : Unable to create Hardware Specification Project with specification file: /nfs/ug/homes-1/t/tramblei/tut-test/project_data_mover.sdk/dma_wrapper.hdf
20:39:04 INFO  : Connected to target on host '127.0.0.1' and port '3121'.
20:39:04 INFO  : 'targets -set -filter {jtag_cable_name =~ "Digilent Nexys4DDR 210292646178A" && level==0} -index 0' command is executed.
20:39:06 INFO  : FPGA configured successfully with bitstream "/nfs/ug/homes-1/t/tramblei/tut-test/project_data_mover.sdk/dma_wrapper_hw_platform_1/download.bit"
20:39:36 INFO  : Processor reset is completed for microblaze_0
20:40:00 ERROR : Unexpected error while parsing XMD response ?: com.google.gson.JsonSyntaxException: com.google.gson.stream.MalformedJsonException: invalid number or unquoted string near 
